INFO:root:Loading ini file...
INFO:root:Loading ini file...
INFO:root:Loading ini file...
INFO:root:Loading ini file...
INFO:root:Loading ini file...
INFO:root:Loading ini file...
INFO:root:Loading ini file...
INFO:root:Loading ini file...
INFO:root:Loading ini file...
INFO:root:Loading ini file...
INFO:root:Loading ini file...
INFO:root:Loading ini file...
INFO:root:Loading ini file...
INFO:root:Loading ini file...
INFO:root:Loading ini file...
ERROR:root:WaitPrompt instance has no attribute 'load'
INFO:root:Loading ini file...
ERROR:root:WaitPrompt instance has no attribute 'load'
INFO:root:Loading ini file...
ERROR:root:'NoneType' object has no attribute 'config'
INFO:root:Loading ini file...
INFO:root:Loading ini file...
INFO:root:Loading ini file...
INFO:root:Loading ini file...
INFO:root:Loading ini file...
INFO:root:Loading ini file...
INFO:root:Loading ini file...
INFO:root:Loading ini file...
INFO:root:Loading ini file...
INFO:root:New file found in repository: 'awesomeSample.mp4' is not in list
INFO:root:New file found in repository: 'sample2.mp4' is not in list
INFO:root:New file found in repository: 'sample.mp4' is not in list
INFO:root:Loading ini file...
INFO:root:New file found in repository: 'awesomeSample.mp4' is not in list
INFO:root:New file found in repository: 'sample2.mp4' is not in list
INFO:root:New file found in repository: 'sample.mp4' is not in list
INFO:root:Loading ini file...
INFO:root:New file found in repository: 'awesomeSample.mp4' is not in list
INFO:root:New file found in repository: 'sample2.mp4' is not in list
INFO:root:New file found in repository: 'sample.mp4' is not in list
INFO:root:Loading ini file...
INFO:root:Loading ini file...
ERROR:root:Failed to read ini file: [Errno 2] No such file or directory: 'library.ini'
INFO:root:Regenerating ini file...
WARNING:root:No USB device is set!
INFO:root:Regenerating ini file...
INFO:root:Loading ini file...
INFO:root:Loading ini file...
WARNING:root:Current USB repository was not located in device scan!
INFO:root:Regenerating ini file...
INFO:root:New file found in repository: 'Barney_Backyard_Gang.mp4' is not in list
INFO:root:New file found in repository: 'CK_Action_Bible_Songs.mp4' is not in list
INFO:root:New file found in repository: 'CK_Bible_Songs.mp4' is not in list
INFO:root:New file found in repository: 'CK_Christmas_Carols.mp4' is not in list
INFO:root:New file found in repository: 'CK_Christmas_Favorites.mp4' is not in list
INFO:root:New file found in repository: 'CK_Songs_of_America.mp4' is not in list
INFO:root:New file found in repository: 'CK_Sunday_School_Songs.mp4' is not in list
INFO:root:New file found in repository: 'DA_101_Dalmations.mp4' is not in list
INFO:root:New file found in repository: 'DA_Aladdin.mp4' is not in list
INFO:root:New file found in repository: 'DA_Aristocats.mp4' is not in list
INFO:root:New file found in repository: 'DA_Cinderella.mp4' is not in list
INFO:root:New file found in repository: 'DA_Frozen.mp4' is not in list
INFO:root:New file found in repository: 'DA_Jungle_Book.mp4' is not in list
INFO:root:New file found in repository: 'DA_Little_Mermaid.mp4' is not in list
INFO:root:New file found in repository: 'DA_Sleeping_Beauty.mp4' is not in list
INFO:root:New file found in repository: 'DA_Snow_White.mp4' is not in list
INFO:root:New file found in repository: 'Dr_Seuss_Beginner.mp4' is not in list
INFO:root:New file found in repository: 'KS_A_Day_at_Camp.mp4' is not in list
INFO:root:New file found in repository: 'KS_A_Day_at_Old_McDonalds_Farm.mp4' is not in list
INFO:root:New file found in repository: 'KS_A_Day_with_the_Animals.mp4' is not in list
INFO:root:New file found in repository: 'KS_I_Can_Dance.mp4' is not in list
INFO:root:New file found in repository: 'KS_My_Favorite_Songs.mp4' is not in list
INFO:root:Loading ini file...
ERROR:root:Failed to load UUID list: [Errno 2] No such file or directory: 'UUID_Table.csv'
ERROR:root:Failed to create UUID list: list index out of range
INFO:root:Loading ini file...
ERROR:root:Failed to load UUID list: [Errno 2] No such file or directory: 'UUID_Table.csv'
ERROR:root:Failed to create UUID list: list index out of range
INFO:root:Loading ini file...
ERROR:root:Failed to load UUID list: [Errno 2] No such file or directory: 'UUID_Table.csv'
INFO:root:Loading ini file...
ERROR:root:Failed to load UUID list: [Errno 2] No such file or directory: 'UUID_Table.csv'
ERROR:root:Failed to create UUID list: list index out of range
INFO:root:Loading ini file...
ERROR:root:Failed to load UUID list: [Errno 2] No such file or directory: 'UUID_Table.csv'
INFO:root:Loading ini file...
